# JRE version: OpenJDK Runtime Environment (19.0.2+7) (build 19.0.2+7-44)
# Java VM: OpenJDK 64-Bit Server VM (19.0.2+7-44, mixed mode, emulated-client, sharing, tiered, compressed oops, compressed class ptrs, g1 gc, windows-amd64)
GC Precious Log:
 CardTable entry size: 512
 Card Set container configuration: InlinePtr #cards 4 size 8 Array Of Cards #cards 16 size 48 Howl #buckets 8 coarsen threshold 3686 Howl Bitmap #cards 512 size 80 coarsen threshold 460 Card regions per heap region 1 cards per card region 4096
 CPUs: 16 total, 16 available
 Memory: 15790M
 Large Page Support: Disabled
 NUMA Support: Disabled
 Compressed Oops: Enabled (Zero based)
 Heap Region Size: 2M
 Heap Min Capacity: 8M
 Heap Initial Capacity: 248M
 Heap Max Capacity: 3948M
 Pre-touch: Disabled
 Parallel Workers: 13
 Concurrent Workers: 3
 Concurrent Refinement Workers: 13
 Periodic GC: Disabled
Heap:
 garbage-first heap   total 163840K, used 89492K [0x0000000709400000, 0x0000000800000000)
  region size 2048K, 25 young (51200K), 3 survivors (6144K)
 Metaspace       used 78008K, committed 78784K, reserved 1179648K
  class space    used 10791K, committed 11136K, reserved 1048576K
GC Heap History (20 events):
Event: 9.140 GC heap before
{Heap before GC invocations=12 (full 0):
 garbage-first heap   total 102400K, used 31551K [0x0000000709400000, 0x0000000800000000)
  region size 2048K, 5 young (10240K), 4 survivors (8192K)
 Metaspace       used 48104K, committed 48704K, reserved 1114112K
  class space    used 6622K, committed 6912K, reserved 1048576K
}
Event: 9.147 GC heap after
{Heap after GC invocations=13 (full 0):
 garbage-first heap   total 102400K, used 30104K [0x0000000709400000, 0x0000000800000000)
  region size 2048K, 1 young (2048K), 1 survivors (2048K)
 Metaspace       used 48104K, committed 48704K, reserved 1114112K
  class space    used 6622K, committed 6912K, reserved 1048576K
}
Event: 9.540 GC heap before
{Heap before GC invocations=13 (full 0):
 garbage-first heap   total 102400K, used 75160K [0x0000000709400000, 0x0000000800000000)
  region size 2048K, 23 young (47104K), 1 survivors (2048K)
 Metaspace       used 51198K, committed 51840K, reserved 1114112K
  class space    used 7125K, committed 7424K, reserved 1048576K
}
Event: 9.543 GC heap after
{Heap after GC invocations=14 (full 0):
 garbage-first heap   total 102400K, used 30428K [0x0000000709400000, 0x0000000800000000)
  region size 2048K, 1 young (2048K), 1 survivors (2048K)
 Metaspace       used 51198K, committed 51840K, reserved 1114112K
  class space    used 7125K, committed 7424K, reserved 1048576K
}
Event: 11.425 GC heap before
{Heap before GC invocations=14 (full 0):
 garbage-first heap   total 102400K, used 77532K [0x0000000709400000, 0x0000000800000000)
  region size 2048K, 24 young (49152K), 1 survivors (2048K)
 Metaspace       used 55764K, committed 56384K, reserved 1114112K
  class space    used 7747K, committed 8000K, reserved 1048576K
}
Event: 11.432 GC heap after
{Heap after GC invocations=15 (full 0):
 garbage-first heap   total 102400K, used 34713K [0x0000000709400000, 0x0000000800000000)
  region size 2048K, 3 young (6144K), 3 survivors (6144K)
 Metaspace       used 55764K, committed 56384K, reserved 1114112K
  class space    used 7747K, committed 8000K, reserved 1048576K
}
Event: 11.655 GC heap before
{Heap before GC invocations=15 (full 0):
 garbage-first heap   total 102400K, used 55193K [0x0000000709400000, 0x0000000800000000)
  region size 2048K, 14 young (28672K), 3 survivors (6144K)
 Metaspace       used 59716K, committed 60288K, reserved 1114112K
  class space    used 8399K, committed 8640K, reserved 1048576K
}
Event: 11.663 GC heap after
{Heap after GC invocations=16 (full 0):
 garbage-first heap   total 102400K, used 36389K [0x0000000709400000, 0x0000000800000000)
  region size 2048K, 1 young (2048K), 1 survivors (2048K)
 Metaspace       used 59716K, committed 60288K, reserved 1114112K
  class space    used 8399K, committed 8640K, reserved 1048576K
}
Event: 11.884 GC heap before
{Heap before GC invocations=17 (full 0):
 garbage-first heap   total 102400K, used 79397K [0x0000000709400000, 0x0000000800000000)
  region size 2048K, 22 young (45056K), 1 survivors (2048K)
 Metaspace       used 60343K, committed 60992K, reserved 1114112K
  class space    used 8552K, committed 8832K, reserved 1048576K
}
Event: 11.887 GC heap after
{Heap after GC invocations=18 (full 0):
 garbage-first heap   total 102400K, used 38161K [0x0000000709400000, 0x0000000800000000)
  region size 2048K, 2 young (4096K), 2 survivors (4096K)
 Metaspace       used 60343K, committed 60992K, reserved 1114112K
  class space    used 8552K, committed 8832K, reserved 1048576K
}
Event: 11.891 GC heap before
{Heap before GC invocations=18 (full 0):
 garbage-first heap   total 102400K, used 40209K [0x0000000709400000, 0x0000000800000000)
  region size 2048K, 3 young (6144K), 2 survivors (4096K)
 Metaspace       used 60343K, committed 60992K, reserved 1114112K
  class space    used 8552K, committed 8832K, reserved 1048576K
}
Event: 11.894 GC heap after
{Heap after GC invocations=19 (full 0):
 garbage-first heap   total 163840K, used 37746K [0x0000000709400000, 0x0000000800000000)
  region size 2048K, 1 young (2048K), 1 survivors (2048K)
 Metaspace       used 60343K, committed 60992K, reserved 1114112K
  class space    used 8552K, committed 8832K, reserved 1048576K
}
Event: 12.426 GC heap before
{Heap before GC invocations=19 (full 0):
 garbage-first heap   total 163840K, used 123762K [0x0000000709400000, 0x0000000800000000)
  region size 2048K, 44 young (90112K), 1 survivors (2048K)
 Metaspace       used 64857K, committed 65472K, reserved 1114112K
  class space    used 9066K, committed 9344K, reserved 1048576K
}
Event: 12.429 GC heap after
{Heap after GC invocations=20 (full 0):
 garbage-first heap   total 163840K, used 41147K [0x0000000709400000, 0x0000000800000000)
  region size 2048K, 2 young (4096K), 2 survivors (4096K)
 Metaspace       used 64857K, committed 65472K, reserved 1114112K
  class space    used 9066K, committed 9344K, reserved 1048576K
}
Event: 12.980 GC heap before
{Heap before GC invocations=20 (full 0):
 garbage-first heap   total 163840K, used 129211K [0x0000000709400000, 0x0000000800000000)
  region size 2048K, 45 young (92160K), 2 survivors (4096K)
 Metaspace       used 67756K, committed 68416K, reserved 1114112K
  class space    used 9428K, committed 9728K, reserved 1048576K
}
Event: 12.984 GC heap after
{Heap after GC invocations=21 (full 0):
 garbage-first heap   total 163840K, used 44590K [0x0000000709400000, 0x0000000800000000)
  region size 2048K, 4 young (8192K), 4 survivors (8192K)
 Metaspace       used 67756K, committed 68416K, reserved 1114112K
  class space    used 9428K, committed 9728K, reserved 1048576K
}
Event: 13.094 GC heap before
{Heap before GC invocations=21 (full 0):
 garbage-first heap   total 163840K, used 128558K [0x0000000709400000, 0x0000000800000000)
  region size 2048K, 46 young (94208K), 4 survivors (8192K)
 Metaspace       used 68014K, committed 68608K, reserved 1114112K
  class space    used 9456K, committed 9728K, reserved 1048576K
}
Event: 13.098 GC heap after
{Heap after GC invocations=22 (full 0):
 garbage-first heap   total 163840K, used 47141K [0x0000000709400000, 0x0000000800000000)
  region size 2048K, 3 young (6144K), 3 survivors (6144K)
 Metaspace       used 68014K, committed 68608K, reserved 1114112K
  class space    used 9456K, committed 9728K, reserved 1048576K
}
Event: 13.380 GC heap before
{Heap before GC invocations=22 (full 0):
 garbage-first heap   total 163840K, used 131109K [0x0000000709400000, 0x0000000800000000)
  region size 2048K, 45 young (92160K), 3 survivors (6144K)
 Metaspace       used 69660K, committed 70400K, reserved 1114112K
  class space    used 9709K, committed 10048K, reserved 1048576K
}
Event: 13.383 GC heap after
{Heap after GC invocations=23 (full 0):
 garbage-first heap   total 163840K, used 46484K [0x0000000709400000, 0x0000000800000000)
  region size 2048K, 3 young (6144K), 3 survivors (6144K)
 Metaspace       used 69660K, committed 70400K, reserved 1114112K
  class space    used 9709K, committed 10048K, reserved 1048576K
}

